[debug] [2021-12-17T07:54:04.076Z] ----------------------------------------------------------------------
[debug] [2021-12-17T07:54:04.079Z] Command:       C:\Program Files\nodejs\node.exe C:\Users\Eyezck\AppData\Roaming\npm\node_modules\firebase-tools\lib\bin\firebase.js init
[debug] [2021-12-17T07:54:04.079Z] CLI Version:   10.0.0
[debug] [2021-12-17T07:54:04.079Z] Platform:      win32
[debug] [2021-12-17T07:54:04.080Z] Node Version:  v16.13.1
[debug] [2021-12-17T07:54:04.094Z] Time:          Fri Dec 17 2021 10:54:04 GMT+0300 (East Africa Time)
[debug] [2021-12-17T07:54:04.094Z] ----------------------------------------------------------------------
[debug] 
[debug] [2021-12-17T07:54:04.257Z] > command requires scopes: ["email","openid","https://www.googleapis.com/auth/cloudplatformprojects.readonly","https://www.googleapis.com/auth/firebase","https://www.googleapis.com/auth/cloud-platform"]
[debug] [2021-12-17T07:54:04.258Z] > authorizing via signed-in user (i.eyezck@gmail.com)
[info] 
     ######## #### ########  ######## ########     ###     ######  ########
     ##        ##  ##     ## ##       ##     ##  ##   ##  ##       ##
     ######    ##  ########  ######   ########  #########  ######  ######
     ##        ##  ##    ##  ##       ##     ## ##     ##       ## ##
     ##       #### ##     ## ######## ########  ##     ##  ######  ########

You're about to initialize a Firebase project in this directory:

  Z:\P4

Before we get started, keep in mind:

  * You are initializing within an existing Firebase project directory

[info] 
=== Project Setup
[info] 
[info] First, let's associate this project directory with a Firebase project.
[info] You can create multiple project aliases by running firebase use --add, 
[info] but for now we'll just set up a default project.
[info] 
[debug] [2021-12-17T07:55:21.395Z] Using project from CLI flag: vue-3-crud
[debug] [2021-12-17T07:55:21.398Z] > refreshing access token with scopes: []
[debug] [2021-12-17T07:55:21.399Z] >>> HTTP REQUEST POST https://www.googleapis.com/oauth2/v3/token  
 <request body omitted>
[debug] [2021-12-17T07:55:21.813Z] <<< HTTP RESPONSE 200 {"expires":"Mon, 01 Jan 1990 00:00:00 GMT","date":"Fri, 17 Dec 2021 07:55:36 GMT","pragma":"no-cache","cache-control":"no-cache, no-store, max-age=0, must-revalidate","content-type":"application/json; charset=utf-8","vary":"X-Origin, Referer, Origin,Accept-Encoding","server":"scaffolding on HTTPServer2","x-xss-protection":"0","x-frame-options":"SAMEORIGIN","x-content-type-options":"nosniff","alt-svc":"h3=\":443\"; ma=2592000,h3-29=\":443\"; ma=2592000,h3-Q050=\":443\"; ma=2592000,h3-Q046=\":443\"; ma=2592000,h3-Q043=\":443\"; ma=2592000,quic=\":443\"; ma=2592000; v=\"46,43\"","accept-ranges":"none","transfer-encoding":"chunked"}
[debug] [2021-12-17T07:55:21.985Z] >>> [apiv2][query] GET https://firebase.googleapis.com/v1beta1/projects/vue-3-crud [none]
[debug] [2021-12-17T07:55:22.694Z] <<< [apiv2][status] GET https://firebase.googleapis.com/v1beta1/projects/vue-3-crud 403
[debug] [2021-12-17T07:55:22.694Z] <<< [apiv2][body] GET https://firebase.googleapis.com/v1beta1/projects/vue-3-crud {"error":{"code":403,"message":"The caller does not have permission","status":"PERMISSION_DENIED"}}
[debug] [2021-12-17T07:55:22.695Z] HTTP Error: 403, The caller does not have permission
[debug] [2021-12-17T07:55:22.698Z] FirebaseError: HTTP Error: 403, The caller does not have permission
    at module.exports (C:\Users\Eyezck\AppData\Roaming\npm\node_modules\firebase-tools\lib\responseToError.js:38:12)
    at Client.doRequest (C:\Users\Eyezck\AppData\Roaming\npm\node_modules\firebase-tools\lib\apiv2.js:241:23)
    at processTicksAndRejections (node:internal/process/task_queues:96:5)
    at async Client.request (C:\Users\Eyezck\AppData\Roaming\npm\node_modules\firebase-tools\lib\apiv2.js:96:20)
    at async Object.getFirebaseProject (C:\Users\Eyezck\AppData\Roaming\npm\node_modules\firebase-tools\lib\management\projects.js:290:21)
    at async Object.doSetup [as project] (C:\Users\Eyezck\AppData\Roaming\npm\node_modules\firebase-tools\lib\init\features\project.js:85:27)
    at async init (C:\Users\Eyezck\AppData\Roaming\npm\node_modules\firebase-tools\lib\init\index.js:19:9)
[error] 
[error] Error: Failed to get Firebase project vue-3-crud. Please make sure the project exists and your account has permission to access it.
[debug] [2021-12-17T08:02:29.230Z] ----------------------------------------------------------------------
[debug] [2021-12-17T08:02:29.233Z] Command:       C:\Program Files\nodejs\node.exe C:\Users\Eyezck\AppData\Roaming\npm\node_modules\firebase-tools\lib\bin\firebase.js init
[debug] [2021-12-17T08:02:29.233Z] CLI Version:   10.0.0
[debug] [2021-12-17T08:02:29.233Z] Platform:      win32
[debug] [2021-12-17T08:02:29.234Z] Node Version:  v16.13.1
[debug] [2021-12-17T08:02:29.235Z] Time:          Fri Dec 17 2021 11:02:29 GMT+0300 (East Africa Time)
[debug] [2021-12-17T08:02:29.235Z] ----------------------------------------------------------------------
[debug] 
[debug] [2021-12-17T08:02:29.312Z] > command requires scopes: ["email","openid","https://www.googleapis.com/auth/cloudplatformprojects.readonly","https://www.googleapis.com/auth/firebase","https://www.googleapis.com/auth/cloud-platform"]
[debug] [2021-12-17T08:02:29.313Z] > authorizing via signed-in user (i.eyezck@gmail.com)
[info] 
     ######## #### ########  ######## ########     ###     ######  ########
     ##        ##  ##     ## ##       ##     ##  ##   ##  ##       ##
     ######    ##  ########  ######   ########  #########  ######  ######
     ##        ##  ##    ##  ##       ##     ## ##     ##       ## ##
     ##       #### ##     ## ######## ########  ##     ##  ######  ########

You're about to initialize a Firebase project in this directory:

  Z:\P4

Before we get started, keep in mind:

  * You are initializing within an existing Firebase project directory

[info] 
=== Project Setup
[info] 
[info] First, let's associate this project directory with a Firebase project.
[info] You can create multiple project aliases by running firebase use --add, 
[info] but for now we'll just set up a default project.
[info] 
[debug] [2021-12-17T08:03:02.881Z] Using project from CLI flag: vue-3-crud
[debug] [2021-12-17T08:03:02.889Z] >>> [apiv2][query] GET https://firebase.googleapis.com/v1beta1/projects/vue-3-crud [none]
[debug] [2021-12-17T08:03:03.602Z] <<< [apiv2][status] GET https://firebase.googleapis.com/v1beta1/projects/vue-3-crud 403
[debug] [2021-12-17T08:03:03.603Z] <<< [apiv2][body] GET https://firebase.googleapis.com/v1beta1/projects/vue-3-crud {"error":{"code":403,"message":"The caller does not have permission","status":"PERMISSION_DENIED"}}
[debug] [2021-12-17T08:03:03.604Z] HTTP Error: 403, The caller does not have permission
[debug] [2021-12-17T08:03:03.607Z] FirebaseError: HTTP Error: 403, The caller does not have permission
    at module.exports (C:\Users\Eyezck\AppData\Roaming\npm\node_modules\firebase-tools\lib\responseToError.js:38:12)
    at Client.doRequest (C:\Users\Eyezck\AppData\Roaming\npm\node_modules\firebase-tools\lib\apiv2.js:241:23)
    at processTicksAndRejections (node:internal/process/task_queues:96:5)
    at async Client.request (C:\Users\Eyezck\AppData\Roaming\npm\node_modules\firebase-tools\lib\apiv2.js:96:20)
    at async Object.getFirebaseProject (C:\Users\Eyezck\AppData\Roaming\npm\node_modules\firebase-tools\lib\management\projects.js:290:21)
    at async Object.doSetup [as project] (C:\Users\Eyezck\AppData\Roaming\npm\node_modules\firebase-tools\lib\init\features\project.js:85:27)
    at async init (C:\Users\Eyezck\AppData\Roaming\npm\node_modules\firebase-tools\lib\init\index.js:19:9)
[error] 
[error] Error: Failed to get Firebase project vue-3-crud. Please make sure the project exists and your account has permission to access it.
